1711135384.159994 client started (1103): version 3.4, socket /tmp/tmux-1000/default, protocol 8
1711135384.160014 on Linux 6.7.9-arch1-1 #1 SMP PREEMPT_DYNAMIC Fri, 08 Mar 2024 01:59:01 +0000
1711135384.160024 using libevent 2.1.12-stable poll
1711135384.160029 using ncurses 6.4 20230520
1711135384.160043 flags are 0x10010000
1711135384.160053 socket is /tmp/tmux-1000/default
1711135384.160067 trying connect
1711135384.160118 add peer 0x62845850d1c0: 6 ((nil))
1711135384.160364 sending message 100 to peer 0x62845850d1c0 (4 bytes)
1711135384.160371 sending message 111 to peer 0x62845850d1c0 (8 bytes)
1711135384.160376 sending message 101 to peer 0x62845850d1c0 (14 bytes)
1711135384.160381 sending message 109 to peer 0x62845850d1c0 (4 bytes)
1711135384.160386 sending message 102 to peer 0x62845850d1c0 (11 bytes)
1711135384.160391 sending message 108 to peer 0x62845850d1c0 (20 bytes)
1711135384.160396 sending message 112 to peer 0x62845850d1c0 (70 bytes)
1711135384.160400 sending message 112 to peer 0x62845850d1c0 (5 bytes)
1711135384.160405 sending message 112 to peer 0x62845850d1c0 (5 bytes)
1711135384.160410 sending message 112 to peer 0x62845850d1c0 (6 bytes)
1711135384.160414 sending message 112 to peer 0x62845850d1c0 (6 bytes)
1711135384.160419 sending message 112 to peer 0x62845850d1c0 (11 bytes)
1711135384.160424 sending message 112 to peer 0x62845850d1c0 (10 bytes)
1711135384.160428 sending message 112 to peer 0x62845850d1c0 (13 bytes)
1711135384.160433 sending message 112 to peer 0x62845850d1c0 (13 bytes)
1711135384.160438 sending message 112 to peer 0x62845850d1c0 (18 bytes)
1711135384.160442 sending message 112 to peer 0x62845850d1c0 (11 bytes)
1711135384.160447 sending message 112 to peer 0x62845850d1c0 (10 bytes)
1711135384.160452 sending message 112 to peer 0x62845850d1c0 (15 bytes)
1711135384.160456 sending message 112 to peer 0x62845850d1c0 (21 bytes)
1711135384.160461 sending message 112 to peer 0x62845850d1c0 (13 bytes)
1711135384.160465 sending message 112 to peer 0x62845850d1c0 (7 bytes)
1711135384.160470 sending message 112 to peer 0x62845850d1c0 (13 bytes)
1711135384.160475 sending message 112 to peer 0x62845850d1c0 (7 bytes)
1711135384.160479 sending message 112 to peer 0x62845850d1c0 (13 bytes)
1711135384.160484 sending message 112 to peer 0x62845850d1c0 (9 bytes)
1711135384.160488 sending message 112 to peer 0x62845850d1c0 (21 bytes)
1711135384.160493 sending message 112 to peer 0x62845850d1c0 (13 bytes)
1711135384.160498 sending message 112 to peer 0x62845850d1c0 (8 bytes)
1711135384.160502 sending message 112 to peer 0x62845850d1c0 (12 bytes)
1711135384.160507 sending message 112 to peer 0x62845850d1c0 (13 bytes)
1711135384.160512 sending message 112 to peer 0x62845850d1c0 (9 bytes)
1711135384.160516 sending message 112 to peer 0x62845850d1c0 (9 bytes)
1711135384.160521 sending message 112 to peer 0x62845850d1c0 (12 bytes)
1711135384.160526 sending message 112 to peer 0x62845850d1c0 (8 bytes)
1711135384.160530 sending message 112 to peer 0x62845850d1c0 (8 bytes)
1711135384.160535 sending message 112 to peer 0x62845850d1c0 (7 bytes)
1711135384.160539 sending message 112 to peer 0x62845850d1c0 (7 bytes)
1711135384.160544 sending message 112 to peer 0x62845850d1c0 (9 bytes)
1711135384.160549 sending message 112 to peer 0x62845850d1c0 (13 bytes)
1711135384.160553 sending message 112 to peer 0x62845850d1c0 (6 bytes)
1711135384.160558 sending message 112 to peer 0x62845850d1c0 (9 bytes)
1711135384.160562 sending message 112 to peer 0x62845850d1c0 (15 bytes)
1711135384.160567 sending message 112 to peer 0x62845850d1c0 (13 bytes)
1711135384.160572 sending message 112 to peer 0x62845850d1c0 (12 bytes)
1711135384.160577 sending message 112 to peer 0x62845850d1c0 (8 bytes)
1711135384.160581 sending message 112 to peer 0x62845850d1c0 (14 bytes)
1711135384.160586 sending message 112 to peer 0x62845850d1c0 (11 bytes)
1711135384.160591 sending message 112 to peer 0x62845850d1c0 (9 bytes)
1711135384.160595 sending message 112 to peer 0x62845850d1c0 (10 bytes)
1711135384.160600 sending message 112 to peer 0x62845850d1c0 (10 bytes)
1711135384.160615 sending message 112 to peer 0x62845850d1c0 (10 bytes)
1711135384.160620 sending message 112 to peer 0x62845850d1c0 (10 bytes)
1711135384.160625 sending message 112 to peer 0x62845850d1c0 (11 bytes)
1711135384.160630 sending message 112 to peer 0x62845850d1c0 (12 bytes)
1711135384.160634 sending message 112 to peer 0x62845850d1c0 (12 bytes)
1711135384.160639 sending message 112 to peer 0x62845850d1c0 (12 bytes)
1711135384.160644 sending message 112 to peer 0x62845850d1c0 (12 bytes)
1711135384.160648 sending message 112 to peer 0x62845850d1c0 (12 bytes)
1711135384.160653 sending message 112 to peer 0x62845850d1c0 (11 bytes)
1711135384.160658 sending message 112 to peer 0x62845850d1c0 (11 bytes)
1711135384.160662 sending message 112 to peer 0x62845850d1c0 (12 bytes)
1711135384.160667 sending message 112 to peer 0x62845850d1c0 (12 bytes)
1711135384.160672 sending message 112 to peer 0x62845850d1c0 (12 bytes)
1711135384.160676 sending message 112 to peer 0x62845850d1c0 (12 bytes)
1711135384.160681 sending message 112 to peer 0x62845850d1c0 (12 bytes)
1711135384.160686 sending message 112 to peer 0x62845850d1c0 (10 bytes)
1711135384.160691 sending message 112 to peer 0x62845850d1c0 (12 bytes)
1711135384.160695 sending message 112 to peer 0x62845850d1c0 (13 bytes)
1711135384.160700 sending message 112 to peer 0x62845850d1c0 (13 bytes)
1711135384.160705 sending message 112 to peer 0x62845850d1c0 (13 bytes)
1711135384.160709 sending message 112 to peer 0x62845850d1c0 (13 bytes)
1711135384.160714 sending message 112 to peer 0x62845850d1c0 (13 bytes)
1711135384.160719 sending message 112 to peer 0x62845850d1c0 (8 bytes)
1711135384.160723 sending message 112 to peer 0x62845850d1c0 (11 bytes)
1711135384.160728 sending message 112 to peer 0x62845850d1c0 (11 bytes)
1711135384.160733 sending message 112 to peer 0x62845850d1c0 (11 bytes)
1711135384.160737 sending message 112 to peer 0x62845850d1c0 (12 bytes)
1711135384.160742 sending message 112 to peer 0x62845850d1c0 (12 bytes)
1711135384.160747 sending message 112 to peer 0x62845850d1c0 (12 bytes)
1711135384.160752 sending message 112 to peer 0x62845850d1c0 (12 bytes)
1711135384.160756 sending message 112 to peer 0x62845850d1c0 (13 bytes)
1711135384.160761 sending message 112 to peer 0x62845850d1c0 (13 bytes)
1711135384.160766 sending message 112 to peer 0x62845850d1c0 (13 bytes)
1711135384.160770 sending message 112 to peer 0x62845850d1c0 (8 bytes)
1711135384.160775 sending message 112 to peer 0x62845850d1c0 (13 bytes)
1711135384.160782 sending message 112 to peer 0x62845850d1c0 (13 bytes)
1711135384.160788 sending message 112 to peer 0x62845850d1c0 (13 bytes)
1711135384.160794 sending message 112 to peer 0x62845850d1c0 (13 bytes)
1711135384.160800 sending message 112 to peer 0x62845850d1c0 (13 bytes)
1711135384.160806 sending message 112 to peer 0x62845850d1c0 (12 bytes)
1711135384.160812 sending message 112 to peer 0x62845850d1c0 (12 bytes)
1711135384.160818 sending message 112 to peer 0x62845850d1c0 (12 bytes)
1711135384.160824 sending message 112 to peer 0x62845850d1c0 (12 bytes)
1711135384.160830 sending message 112 to peer 0x62845850d1c0 (13 bytes)
1711135384.160836 sending message 112 to peer 0x62845850d1c0 (8 bytes)
1711135384.160842 sending message 112 to peer 0x62845850d1c0 (13 bytes)
1711135384.160849 sending message 112 to peer 0x62845850d1c0 (13 bytes)
1711135384.160855 sending message 112 to peer 0x62845850d1c0 (13 bytes)
1711135384.160861 sending message 112 to peer 0x62845850d1c0 (13 bytes)
1711135384.160867 sending message 112 to peer 0x62845850d1c0 (13 bytes)
1711135384.160873 sending message 112 to peer 0x62845850d1c0 (13 bytes)
1711135384.160879 sending message 112 to peer 0x62845850d1c0 (13 bytes)
1711135384.160885 sending message 112 to peer 0x62845850d1c0 (12 bytes)
1711135384.160891 sending message 112 to peer 0x62845850d1c0 (12 bytes)
1711135384.160897 sending message 112 to peer 0x62845850d1c0 (12 bytes)
1711135384.160903 sending message 112 to peer 0x62845850d1c0 (8 bytes)
1711135384.160908 sending message 112 to peer 0x62845850d1c0 (12 bytes)
1711135384.160921 sending message 112 to peer 0x62845850d1c0 (13 bytes)
1711135384.160926 sending message 112 to peer 0x62845850d1c0 (13 bytes)
1711135384.160931 sending message 112 to peer 0x62845850d1c0 (13 bytes)
1711135384.160935 sending message 112 to peer 0x62845850d1c0 (13 bytes)
1711135384.160940 sending message 112 to peer 0x62845850d1c0 (13 bytes)
1711135384.160945 sending message 112 to peer 0x62845850d1c0 (13 bytes)
1711135384.160950 sending message 112 to peer 0x62845850d1c0 (13 bytes)
1711135384.160954 sending message 112 to peer 0x62845850d1c0 (13 bytes)
1711135384.160959 sending message 112 to peer 0x62845850d1c0 (12 bytes)
1711135384.160964 sending message 112 to peer 0x62845850d1c0 (10 bytes)
1711135384.160968 sending message 112 to peer 0x62845850d1c0 (12 bytes)
1711135384.160973 sending message 112 to peer 0x62845850d1c0 (12 bytes)
1711135384.160978 sending message 112 to peer 0x62845850d1c0 (12 bytes)
1711135384.160982 sending message 112 to peer 0x62845850d1c0 (13 bytes)
1711135384.160987 sending message 112 to peer 0x62845850d1c0 (13 bytes)
1711135384.160992 sending message 112 to peer 0x62845850d1c0 (13 bytes)
1711135384.160997 sending message 112 to peer 0x62845850d1c0 (13 bytes)
1711135384.161001 sending message 112 to peer 0x62845850d1c0 (13 bytes)
1711135384.161006 sending message 112 to peer 0x62845850d1c0 (13 bytes)
1711135384.161011 sending message 112 to peer 0x62845850d1c0 (13 bytes)
1711135384.161015 sending message 112 to peer 0x62845850d1c0 (10 bytes)
1711135384.161020 sending message 112 to peer 0x62845850d1c0 (13 bytes)
1711135384.161025 sending message 112 to peer 0x62845850d1c0 (12 bytes)
1711135384.161030 sending message 112 to peer 0x62845850d1c0 (12 bytes)
1711135384.161034 sending message 112 to peer 0x62845850d1c0 (12 bytes)
1711135384.161039 sending message 112 to peer 0x62845850d1c0 (10 bytes)
1711135384.161044 sending message 112 to peer 0x62845850d1c0 (10 bytes)
1711135384.161048 sending message 112 to peer 0x62845850d1c0 (10 bytes)
1711135384.161053 sending message 112 to peer 0x62845850d1c0 (12 bytes)
1711135384.161058 sending message 112 to peer 0x62845850d1c0 (13 bytes)
1711135384.161062 sending message 112 to peer 0x62845850d1c0 (13 bytes)
1711135384.161067 sending message 112 to peer 0x62845850d1c0 (13 bytes)
1711135384.161072 sending message 112 to peer 0x62845850d1c0 (13 bytes)
1711135384.161077 sending message 112 to peer 0x62845850d1c0 (13 bytes)
1711135384.161081 sending message 112 to peer 0x62845850d1c0 (11 bytes)
1711135384.161086 sending message 112 to peer 0x62845850d1c0 (11 bytes)
1711135384.161091 sending message 112 to peer 0x62845850d1c0 (12 bytes)
1711135384.161095 sending message 112 to peer 0x62845850d1c0 (12 bytes)
1711135384.161100 sending message 112 to peer 0x62845850d1c0 (12 bytes)
1711135384.161105 sending message 112 to peer 0x62845850d1c0 (12 bytes)
1711135384.161109 sending message 112 to peer 0x62845850d1c0 (12 bytes)
1711135384.161114 sending message 112 to peer 0x62845850d1c0 (11 bytes)
1711135384.161119 sending message 112 to peer 0x62845850d1c0 (12 bytes)
1711135384.161124 sending message 112 to peer 0x62845850d1c0 (12 bytes)
1711135384.161128 sending message 112 to peer 0x62845850d1c0 (13 bytes)
1711135384.161133 sending message 112 to peer 0x62845850d1c0 (13 bytes)
1711135384.161138 sending message 112 to peer 0x62845850d1c0 (13 bytes)
1711135384.161142 sending message 112 to peer 0x62845850d1c0 (13 bytes)
1711135384.161147 sending message 112 to peer 0x62845850d1c0 (13 bytes)
1711135384.161152 sending message 112 to peer 0x62845850d1c0 (10 bytes)
1711135384.161156 sending message 112 to peer 0x62845850d1c0 (9 bytes)
1711135384.161161 sending message 112 to peer 0x62845850d1c0 (12 bytes)
1711135384.161166 sending message 112 to peer 0x62845850d1c0 (13 bytes)
1711135384.161170 sending message 112 to peer 0x62845850d1c0 (13 bytes)
1711135384.161175 sending message 112 to peer 0x62845850d1c0 (13 bytes)
1711135384.161180 sending message 112 to peer 0x62845850d1c0 (13 bytes)
1711135384.161185 sending message 112 to peer 0x62845850d1c0 (13 bytes)
1711135384.161196 sending message 112 to peer 0x62845850d1c0 (9 bytes)
1711135384.161201 sending message 112 to peer 0x62845850d1c0 (12 bytes)
1711135384.161206 sending message 112 to peer 0x62845850d1c0 (13 bytes)
1711135384.161211 sending message 112 to peer 0x62845850d1c0 (13 bytes)
1711135384.161215 sending message 112 to peer 0x62845850d1c0 (13 bytes)
1711135384.161220 sending message 112 to peer 0x62845850d1c0 (13 bytes)
1711135384.161225 sending message 112 to peer 0x62845850d1c0 (13 bytes)
1711135384.161230 sending message 112 to peer 0x62845850d1c0 (11 bytes)
1711135384.161234 sending message 112 to peer 0x62845850d1c0 (12 bytes)
1711135384.161239 sending message 112 to peer 0x62845850d1c0 (13 bytes)
1711135384.161244 sending message 112 to peer 0x62845850d1c0 (13 bytes)
1711135384.161248 sending message 112 to peer 0x62845850d1c0 (13 bytes)
1711135384.161253 sending message 112 to peer 0x62845850d1c0 (13 bytes)
1711135384.161258 sending message 112 to peer 0x62845850d1c0 (13 bytes)
1711135384.161263 sending message 112 to peer 0x62845850d1c0 (11 bytes)
1711135384.161267 sending message 112 to peer 0x62845850d1c0 (12 bytes)
1711135384.161272 sending message 112 to peer 0x62845850d1c0 (12 bytes)
1711135384.161277 sending message 112 to peer 0x62845850d1c0 (12 bytes)
1711135384.161282 sending message 112 to peer 0x62845850d1c0 (12 bytes)
1711135384.161287 sending message 112 to peer 0x62845850d1c0 (12 bytes)
1711135384.161291 sending message 112 to peer 0x62845850d1c0 (21 bytes)
1711135384.161296 sending message 112 to peer 0x62845850d1c0 (12 bytes)
1711135384.161301 sending message 112 to peer 0x62845850d1c0 (9 bytes)
1711135384.161306 sending message 112 to peer 0x62845850d1c0 (6 bytes)
1711135384.161311 sending message 112 to peer 0x62845850d1c0 (13 bytes)
1711135384.161315 sending message 112 to peer 0x62845850d1c0 (8 bytes)
1711135384.161320 sending message 112 to peer 0x62845850d1c0 (15 bytes)
1711135384.161325 sending message 112 to peer 0x62845850d1c0 (13 bytes)
1711135384.161330 sending message 112 to peer 0x62845850d1c0 (9 bytes)
1711135384.161334 sending message 112 to peer 0x62845850d1c0 (70 bytes)
1711135384.161339 sending message 112 to peer 0x62845850d1c0 (69 bytes)
1711135384.161344 sending message 112 to peer 0x62845850d1c0 (10 bytes)
1711135384.161349 sending message 112 to peer 0x62845850d1c0 (10 bytes)
1711135384.161353 sending message 112 to peer 0x62845850d1c0 (8 bytes)
1711135384.161358 sending message 112 to peer 0x62845850d1c0 (15 bytes)
1711135384.161363 sending message 112 to peer 0x62845850d1c0 (13 bytes)
1711135384.161368 sending message 112 to peer 0x62845850d1c0 (10 bytes)
1711135384.161373 sending message 112 to peer 0x62845850d1c0 (10 bytes)
1711135384.161377 sending message 112 to peer 0x62845850d1c0 (17 bytes)
1711135384.161382 sending message 112 to peer 0x62845850d1c0 (10 bytes)
1711135384.161387 sending message 112 to peer 0x62845850d1c0 (13 bytes)
1711135384.161392 sending message 112 to peer 0x62845850d1c0 (9 bytes)
1711135384.161396 sending message 112 to peer 0x62845850d1c0 (5 bytes)
1711135384.161401 sending message 112 to peer 0x62845850d1c0 (15 bytes)
1711135384.161406 sending message 104 to peer 0x62845850d1c0 (0 bytes)
1711135384.161412 sending message 110 to peer 0x62845850d1c0 (0 bytes)
1711135384.161417 sending message 107 to peer 0x62845850d1c0 (4 bytes)
1711135384.161422 sending message 105 to peer 0x62845850d1c0 (24 bytes)
1711135384.161427 sending message 105 to peer 0x62845850d1c0 (23 bytes)
1711135384.161431 sending message 105 to peer 0x62845850d1c0 (54 bytes)
1711135384.161436 sending message 105 to peer 0x62845850d1c0 (11 bytes)
1711135384.161441 sending message 105 to peer 0x62845850d1c0 (25 bytes)
1711135384.161446 sending message 105 to peer 0x62845850d1c0 (15 bytes)
1711135384.161451 sending message 105 to peer 0x62845850d1c0 (20 bytes)
1711135384.161455 sending message 105 to peer 0x62845850d1c0 (47 bytes)
1711135384.161460 sending message 105 to peer 0x62845850d1c0 (38 bytes)
1711135384.161465 sending message 105 to peer 0x62845850d1c0 (14 bytes)
1711135384.161476 sending message 105 to peer 0x62845850d1c0 (58 bytes)
1711135384.161481 sending message 105 to peer 0x62845850d1c0 (17 bytes)
1711135384.161486 sending message 105 to peer 0x62845850d1c0 (25 bytes)
1711135384.161491 sending message 105 to peer 0x62845850d1c0 (21 bytes)
1711135384.161495 sending message 105 to peer 0x62845850d1c0 (12 bytes)
1711135384.161500 sending message 105 to peer 0x62845850d1c0 (104 bytes)
1711135384.161505 sending message 105 to peer 0x62845850d1c0 (29 bytes)
1711135384.161510 sending message 105 to peer 0x62845850d1c0 (31 bytes)
1711135384.161515 sending message 105 to peer 0x62845850d1c0 (294 bytes)
1711135384.161520 sending message 105 to peer 0x62845850d1c0 (9 bytes)
1711135384.161524 sending message 105 to peer 0x62845850d1c0 (13 bytes)
1711135384.161529 sending message 105 to peer 0x62845850d1c0 (57 bytes)
1711135384.161534 sending message 105 to peer 0x62845850d1c0 (33 bytes)
1711135384.161539 sending message 105 to peer 0x62845850d1c0 (34 bytes)
1711135384.161543 sending message 105 to peer 0x62845850d1c0 (26 bytes)
1711135384.161548 sending message 105 to peer 0x62845850d1c0 (29 bytes)
1711135384.161553 sending message 105 to peer 0x62845850d1c0 (18 bytes)
1711135384.161558 sending message 105 to peer 0x62845850d1c0 (20 bytes)
1711135384.161562 sending message 105 to peer 0x62845850d1c0 (18 bytes)
1711135384.161567 sending message 105 to peer 0x62845850d1c0 (20 bytes)
1711135384.161572 sending message 105 to peer 0x62845850d1c0 (15 bytes)
1711135384.161576 sending message 105 to peer 0x62845850d1c0 (80 bytes)
1711135384.161581 sending message 105 to peer 0x62845850d1c0 (22 bytes)
1711135384.161586 sending message 105 to peer 0x62845850d1c0 (21 bytes)
1711135384.161591 sending message 105 to peer 0x62845850d1c0 (25 bytes)
1711135384.161596 sending message 105 to peer 0x62845850d1c0 (8 bytes)
1711135384.161601 sending message 105 to peer 0x62845850d1c0 (29 bytes)
1711135384.161605 sending message 105 to peer 0x62845850d1c0 (25 bytes)
1711135384.161610 sending message 105 to peer 0x62845850d1c0 (30 bytes)
1711135384.161615 sending message 105 to peer 0x62845850d1c0 (15 bytes)
1711135384.161620 sending message 105 to peer 0x62845850d1c0 (19 bytes)
1711135384.161624 sending message 105 to peer 0x62845850d1c0 (26 bytes)
1711135384.161629 sending message 105 to peer 0x62845850d1c0 (16 bytes)
1711135384.161634 sending message 105 to peer 0x62845850d1c0 (60 bytes)
1711135384.161639 sending message 105 to peer 0x62845850d1c0 (33 bytes)
1711135384.161643 sending message 105 to peer 0x62845850d1c0 (21 bytes)
1711135384.161648 sending message 105 to peer 0x62845850d1c0 (17 bytes)
1711135384.161653 sending message 105 to peer 0x62845850d1c0 (11 bytes)
1711135384.161658 sending message 105 to peer 0x62845850d1c0 (23 bytes)
1711135384.161662 sending message 105 to peer 0x62845850d1c0 (51 bytes)
1711135384.161667 sending message 106 to peer 0x62845850d1c0 (0 bytes)
1711135384.161713 sending message 200 to peer 0x62845850d1c0 (4 bytes)
1711135384.161718 client loop enter
1711135384.163407 peer 0x62845850d1c0 message 303
1711135384.163416 open write file 2 -
1711135384.163424 sending message 305 to peer 0x62845850d1c0 (8 bytes)
1711135384.163433 write check file 2
1711135384.163515 peer 0x62845850d1c0 message 304
1711135384.163521 write 58 to file 2
1711135384.163527 peer 0x62845850d1c0 message 203
1711135384.163532 file 2 58 bytes left
1711135384.163545 write check file 2
1711135384.163549 client loop exit
